[19793] 06 Dec 06:10:14.072 # Warning: no config file specified, using the default config. In order to specify a config file use redis-server /path/to/redis.conf
[19793] 06 Dec 06:10:14.073 # Unable to set the max number of files limit to 10032 (Operation not permitted), setting the max clients configuration to 3984.
                _._                                                  
           _.-``__ ''-._                                             
      _.-``    `.  `_.  ''-._           Redis 2.6.9 (00000000/0) 64 bit
  .-`` .-```.  ```\/    _.,_ ''-._                                   
 (    '      ,       .-`  | `,    )     Running in stand alone mode
 |`-._`-...-` __...-.``-._|'` _.-'|     Port: 6379
 |    `-._   `._    /     _.-'    |     PID: 19793
  `-._    `-._  `-./  _.-'    _.-'                                   
 |`-._`-._    `-.__.-'    _.-'_.-'|                                  
 |    `-._`-._        _.-'_.-'    |           http://redis.io        
  `-._    `-._`-.__.-'_.-'    _.-'                                   
 |`-._`-._    `-.__.-'    _.-'_.-'|                                  
 |    `-._`-._        _.-'_.-'    |                                  
  `-._    `-._`-.__.-'_.-'    _.-'                                   
      `-._    `-.__.-'    _.-'                                       
          `-._        _.-'                                           
              `-.__.-'                                               

[19793] 06 Dec 06:10:14.074 # Server started, Redis version 2.6.9
[19793] 06 Dec 06:10:14.074 # WARNING overcommit_memory is set to 0! Background save may fail under low memory condition. To fix this issue add 'vm.overcommit_memory = 1' to /etc/sysctl.conf and then reboot or run the command 'sysctl vm.overcommit_memory=1' for this to take effect.
[19793] 06 Dec 06:10:14.074 * DB loaded from disk: 0.000 seconds
[19793] 06 Dec 06:10:14.074 * The server is now ready to accept connections on port 6379
[21577] 06 Dec 06:12:24.438 # Warning: no config file specified, using the default config. In order to specify a config file use redis-server /path/to/redis.conf
[21577] 06 Dec 06:12:24.439 # Unable to set the max number of files limit to 10032 (Operation not permitted), setting the max clients configuration to 3984.
[21577] 06 Dec 06:12:24.439 # Opening port 6379: bind: Address already in use
[19793] 06 Dec 06:43:56.140 * 100 changes in 300 seconds. Saving...
[19793] 06 Dec 06:43:56.141 * Background saving started by pid 14775
[14775] 06 Dec 06:43:56.145 * DB saved on disk
[14775] 06 Dec 06:43:56.145 * RDB: 4 MB of memory used by copy-on-write
[19793] 06 Dec 06:43:56.151 * Background saving terminated with success
[19923] 06 Dec 06:49:51.936 # Warning: no config file specified, using the default config. In order to specify a config file use redis-server /path/to/redis.conf
[19923] 06 Dec 06:49:51.936 # Unable to set the max number of files limit to 10032 (Operation not permitted), setting the max clients configuration to 3984.
                _._                                                  
           _.-``__ ''-._                                             
      _.-``    `.  `_.  ''-._           Redis 2.6.9 (00000000/0) 64 bit
  .-`` .-```.  ```\/    _.,_ ''-._                                   
 (    '      ,       .-`  | `,    )     Running in stand alone mode
 |`-._`-...-` __...-.``-._|'` _.-'|     Port: 6379
 |    `-._   `._    /     _.-'    |     PID: 19923
  `-._    `-._  `-./  _.-'    _.-'                                   
 |`-._`-._    `-.__.-'    _.-'_.-'|                                  
 |    `-._`-._        _.-'_.-'    |           http://redis.io        
  `-._    `-._`-.__.-'_.-'    _.-'                                   
 |`-._`-._    `-.__.-'    _.-'_.-'|                                  
 |    `-._`-._        _.-'_.-'    |                                  
  `-._    `-._`-.__.-'_.-'    _.-'                                   
      `-._    `-.__.-'    _.-'                                       
          `-._        _.-'                                           
              `-.__.-'                                               

[19923] 06 Dec 06:49:51.937 # Server started, Redis version 2.6.9
[19923] 06 Dec 06:49:51.937 # WARNING overcommit_memory is set to 0! Background save may fail under low memory condition. To fix this issue add 'vm.overcommit_memory = 1' to /etc/sysctl.conf and then reboot or run the command 'sysctl vm.overcommit_memory=1' for this to take effect.
[19923] 06 Dec 06:49:51.937 * DB loaded from disk: 0.000 seconds
[19923] 06 Dec 06:49:51.937 * The server is now ready to accept connections on port 6379
[28020] 06 Dec 06:59:37.137 # Warning: no config file specified, using the default config. In order to specify a config file use redis-server /path/to/redis.conf
[28020] 06 Dec 06:59:37.138 # Unable to set the max number of files limit to 10032 (Operation not permitted), setting the max clients configuration to 3984.
                _._                                                  
           _.-``__ ''-._                                             
      _.-``    `.  `_.  ''-._           Redis 2.6.9 (00000000/0) 64 bit
  .-`` .-```.  ```\/    _.,_ ''-._                                   
 (    '      ,       .-`  | `,    )     Running in stand alone mode
 |`-._`-...-` __...-.``-._|'` _.-'|     Port: 6379
 |    `-._   `._    /     _.-'    |     PID: 28020
  `-._    `-._  `-./  _.-'    _.-'                                   
 |`-._`-._    `-.__.-'    _.-'_.-'|                                  
 |    `-._`-._        _.-'_.-'    |           http://redis.io        
  `-._    `-._`-.__.-'_.-'    _.-'                                   
 |`-._`-._    `-.__.-'    _.-'_.-'|                                  
 |    `-._`-._        _.-'_.-'    |                                  
  `-._    `-._`-.__.-'_.-'    _.-'                                   
      `-._    `-.__.-'    _.-'                                       
          `-._        _.-'                                           
              `-.__.-'                                               

[28020] 06 Dec 06:59:37.139 # Server started, Redis version 2.6.9
[28020] 06 Dec 06:59:37.139 # WARNING overcommit_memory is set to 0! Background save may fail under low memory condition. To fix this issue add 'vm.overcommit_memory = 1' to /etc/sysctl.conf and then reboot or run the command 'sysctl vm.overcommit_memory=1' for this to take effect.
[28020] 06 Dec 06:59:37.139 * DB loaded from disk: 0.000 seconds
[28020] 06 Dec 06:59:37.139 * The server is now ready to accept connections on port 6379
[29365] 06 Dec 07:01:11.689 # Warning: no config file specified, using the default config. In order to specify a config file use redis-server /path/to/redis.conf
[29365] 06 Dec 07:01:11.690 # Unable to set the max number of files limit to 10032 (Operation not permitted), setting the max clients configuration to 3984.
                _._                                                  
           _.-``__ ''-._                                             
      _.-``    `.  `_.  ''-._           Redis 2.6.9 (00000000/0) 64 bit
  .-`` .-```.  ```\/    _.,_ ''-._                                   
 (    '      ,       .-`  | `,    )     Running in stand alone mode
 |`-._`-...-` __...-.``-._|'` _.-'|     Port: 6379
 |    `-._   `._    /     _.-'    |     PID: 29365
  `-._    `-._  `-./  _.-'    _.-'                                   
 |`-._`-._    `-.__.-'    _.-'_.-'|                                  
 |    `-._`-._        _.-'_.-'    |           http://redis.io        
  `-._    `-._`-.__.-'_.-'    _.-'                                   
 |`-._`-._    `-.__.-'    _.-'_.-'|                                  
 |    `-._`-._        _.-'_.-'    |                                  
  `-._    `-._`-.__.-'_.-'    _.-'                                   
      `-._    `-.__.-'    _.-'                                       
          `-._        _.-'                                           
              `-.__.-'                                               

[29365] 06 Dec 07:01:11.691 # Server started, Redis version 2.6.9
[29365] 06 Dec 07:01:11.691 # WARNING overcommit_memory is set to 0! Background save may fail under low memory condition. To fix this issue add 'vm.overcommit_memory = 1' to /etc/sysctl.conf and then reboot or run the command 'sysctl vm.overcommit_memory=1' for this to take effect.
[29365] 06 Dec 07:01:11.691 * DB loaded from disk: 0.000 seconds
[29365] 06 Dec 07:01:11.691 * The server is now ready to accept connections on port 6379
