2015-11-02 00:07:43 [scrapy] INFO: Scrapy 1.0.3 started (bot: vcspider)
2015-11-02 00:07:43 [scrapy] INFO: Optional features available: ssl, http11, boto
2015-11-02 00:07:43 [scrapy] INFO: Overridden settings: {'NEWSPIDER_MODULE': 'vcspider.spiders', 'LOG_LEVEL': 'INFO', 'SPIDER_MODULES': ['vcspider.spiders'], 'DEPTH_LIMIT': 1, 'BOT_NAME': 'vcspider'}
2015-11-02 00:07:43 [scrapy] INFO: Enabled extensions: CloseSpider, TelnetConsole, LogStats, CoreStats, SpiderState
2015-11-02 00:07:44 [scrapy] INFO: Enabled downloader middlewares: HttpAuthMiddleware, DownloadTimeoutMiddleware, UserAgentMiddleware, RetryMiddleware, DefaultHeadersMiddleware, MetaRefreshMiddleware, HttpCompressionMiddleware, RedirectMiddleware, CookiesMiddleware, ChunkedTransferMiddleware, DownloaderStats
2015-11-02 00:07:44 [scrapy] INFO: Enabled spider middlewares: HttpErrorMiddleware, OffsiteMiddleware, RefererMiddleware, UrlLengthMiddleware, DepthMiddleware
2015-11-02 00:07:44 [scrapy] INFO: Enabled item pipelines: MySqlPipeline
2015-11-02 00:07:44 [scrapy] INFO: Spider opened
2015-11-02 00:07:44 [scrapy] INFO: Crawled 0 pages (at 0 pages/min), scraped 0 items (at 0 items/min)
2015-11-02 00:08:27 [scrapy] ERROR: Error processing {'pageurl': ['https://hfs-webshare.jpmorgan.com/'],
 'siteurl': ['hfs-webshare.jpmorgan.com'],
 'text': ['']}
Traceback (most recent call last):
  File "/Users/johnmontroy/anaconda/lib/python2.7/site-packages/twisted/internet/defer.py", line 588, in _runCallbacks
    current.result = callback(current.result, *args, **kw)
  File "/Users/johnmontroy/Documents/Learning/NYC-DSA/Project 3/banker.ai/vcspider/vcspider/pipelines.py", line 39, in process_item
    self.cur.execute(sql, dc)
  File "/Users/johnmontroy/anaconda/lib/python2.7/site-packages/mysql/connector/cursor.py", line 507, in execute
    self._handle_result(self._connection.cmd_query(stmt))
  File "/Users/johnmontroy/anaconda/lib/python2.7/site-packages/mysql/connector/connection.py", line 722, in cmd_query
    result = self._handle_result(self._send_cmd(ServerCmd.QUERY, query))
  File "/Users/johnmontroy/anaconda/lib/python2.7/site-packages/mysql/connector/connection.py", line 640, in _handle_result
    raise errors.get_exception(packet)
ProgrammingError: 1064 (42000): You have an error in your SQL syntax; check the manual that corresponds to your MySQL server version for the right syntax to use near '%(pagetitle)s, '', 'https://hfs-webshare.jpmorgan.com/', 'hfs-webshare.jpmorgan.' at line 1
2015-11-02 00:08:44 [scrapy] INFO: Crawled 124 pages (at 124 pages/min), scraped 89 items (at 89 items/min)
