usage = ./vcscrape.sh vcs &> file1.log & (VC scraper) -or- ./vcscrape.sh sus &> file1.log & (startup capital scraper)
nohup: ignoring input
2015-11-04 15:54:32 [scrapy] INFO: Scrapy 1.0.3 started (bot: vcspider)
2015-11-04 15:54:32 [scrapy] INFO: Optional features available: ssl, http11, boto
2015-11-04 15:54:32 [scrapy] INFO: Overridden settings: {'NEWSPIDER_MODULE': 'vcspider.spiders', 'LOG_LEVEL': 'INFO', 'CONCURRENT_REQUESTS': 100, 'SPIDER_MODULES': ['vcspider.spiders'], 'BOT_NAME': 'vcspider', 'DEPTH_LIMIT': 2}
2015-11-04 15:54:32 [scrapy] INFO: Enabled extensions: CloseSpider, TelnetConsole, LogStats, CoreStats, SpiderState
2015-11-04 15:54:32 [scrapy] INFO: Enabled downloader middlewares: HttpAuthMiddleware, DownloadTimeoutMiddleware, UserAgentMiddleware, RetryMiddleware, DefaultHeadersMiddleware, MetaRefreshMiddleware, HttpCompressionMiddleware, RedirectMiddleware, CookiesMiddleware, ChunkedTransferMiddleware, DownloaderStats
2015-11-04 15:54:32 [scrapy] INFO: Enabled spider middlewares: HttpErrorMiddleware, OffsiteMiddleware, RefererMiddleware, UrlLengthMiddleware, DepthMiddleware
2015-11-04 15:54:32 [scrapy] INFO: Enabled item pipelines: MySqlPipeline
2015-11-04 15:54:32 [scrapy] INFO: Spider opened
2015-11-04 15:54:32 [scrapy] INFO: Crawled 0 pages (at 0 pages/min), scraped 0 items (at 0 items/min)
2015-11-04 15:54:32 [scrapy] ERROR: Error downloading <GET http://www.par>: DNS lookup failed: address 'www.par' not found: [Errno -2] Name or service not known.
2015-11-04 15:54:33 [scrapy] ERROR: Error downloading <GET http://www.sec>: DNS lookup failed: address 'www.sec' not found: [Errno -2] Name or service not known.
2015-11-04 15:54:33 [scrapy] ERROR: Error downloading <GET http://www.alphatitans.com>: DNS lookup failed: address 'www.alphatitans.com' not found: [Errno -2] Name or service not known.
2015-11-04 15:54:33 [scrapy] ERROR: Error downloading <GET http://www.tif>: DNS lookup failed: address 'www.tif' not found: [Errno -2] Name or service not known.
2015-11-04 15:54:36 [scrapy] ERROR: Error downloading <GET http://www.ccm>: DNS lookup failed: address 'www.ccm' not found: [Errno -2] Name or service not known.
2015-11-04 15:54:56 [scrapy] ERROR: Error downloading <GET http://www.santanderasset.com>: DNS lookup failed: address 'www.santanderasset.com' not found: [Errno -2] Name or service not known.
2015-11-04 15:54:58 [scrapy] ERROR: Error downloading <GET http://www.int>: DNS lookup failed: address 'www.int' not found: [Errno -2] Name or service not known.
2015-11-04 15:55:05 [scrapy] ERROR: Error downloading <GET http://www.riverside-pm.com>: DNS lookup failed: address 'www.riverside-pm.com' not found: [Errno -2] Name or service not known.
2015-11-04 15:55:08 [scrapy] ERROR: Error downloading <GET http://www.cor>: DNS lookup failed: address 'www.cor' not found: [Errno -2] Name or service not known.
2015-11-04 15:55:08 [scrapy] ERROR: Error downloading <GET http://www.57s>: DNS lookup failed: address 'www.57s' not found: [Errno -2] Name or service not known.
2015-11-04 15:55:08 [scrapy] ERROR: Error downloading <GET http://www.zca>: DNS lookup failed: address 'www.zca' not found: [Errno -2] Name or service not known.
2015-11-04 15:55:08 [scrapy] ERROR: Error downloading <GET http://www.investors.crystalfunds.com>: DNS lookup failed: address 'www.investors.crystalfunds.com' not found: [Errno -2] Name or service not known.
2015-11-04 15:55:08 [scrapy] ERROR: Error downloading <GET http://www.ecp.altareturn.com>: DNS lookup failed: address 'www.ecp.altareturn.com' not found: [Errno -2] Name or service not known.
2015-11-04 15:55:08 [scrapy] ERROR: Error downloading <GET http://www.rid>: DNS lookup failed: address 'www.rid' not found: [Errno -2] Name or service not known.
2015-11-04 15:55:08 [scrapy] ERROR: Error downloading <GET http://www.cre>: DNS lookup failed: address 'www.cre' not found: [Errno -2] Name or service not known.
2015-11-04 15:55:32 [scrapy] INFO: Crawled 186 pages (at 186 pages/min), scraped 94 items (at 94 items/min)
2015-11-04 15:56:32 [scrapy] INFO: Crawled 186 pages (at 0 pages/min), scraped 94 items (at 0 items/min)
2015-11-04 15:57:32 [scrapy] INFO: Crawled 186 pages (at 0 pages/min), scraped 94 items (at 0 items/min)
2015-11-04 15:58:32 [scrapy] INFO: Crawled 186 pages (at 0 pages/min), scraped 94 items (at 0 items/min)
2015-11-04 15:58:52 [scrapy] ERROR: Error downloading <GET http://www.nokomiscapital.com>: An error occurred while connecting: 113: No route to host.
2015-11-04 15:59:32 [scrapy] INFO: Crawled 186 pages (at 0 pages/min), scraped 94 items (at 0 items/min)
2015-11-04 16:00:32 [scrapy] INFO: Crawled 186 pages (at 0 pages/min), scraped 94 items (at 0 items/min)
2015-11-04 16:00:55 [scrapy] ERROR: Error downloading <GET http://www.harvestmanagement.com>: TCP connection timed out: 110: Connection timed out.
2015-11-04 16:00:55 [scrapy] ERROR: Error downloading <GET http://www.adelphi-europe.com>: TCP connection timed out: 110: Connection timed out.
2015-11-04 16:01:30 [scrapy] ERROR: Error downloading <GET http://www.intrepidcap.com>: TCP connection timed out: 110: Connection timed out.
2015-11-04 16:01:30 [scrapy] ERROR: Error downloading <GET http://www.oldmutualus.com>: TCP connection timed out: 110: Connection timed out.
2015-11-04 16:01:30 [scrapy] INFO: Closing spider (finished)
2015-11-04 16:01:30 [scrapy] INFO: Dumping Scrapy stats:
{'downloader/exception_count': 61,
 'downloader/exception_type_count/twisted.internet.error.ConnectError': 1,
 'downloader/exception_type_count/twisted.internet.error.DNSLookupError': 45,
 'downloader/exception_type_count/twisted.internet.error.TCPTimedOutError': 14,
 'downloader/exception_type_count/twisted.web._newclient.ResponseNeverReceived': 1,
 'downloader/request_bytes': 73898,
 'downloader/request_count': 296,
 'downloader/request_method_count/GET': 296,
 'downloader/response_bytes': 1988626,
 'downloader/response_count': 235,
 'downloader/response_status_count/200': 175,
 'downloader/response_status_count/301': 23,
 'downloader/response_status_count/302': 20,
 'downloader/response_status_count/303': 1,
 'downloader/response_status_count/401': 3,
 'downloader/response_status_count/404': 9,
 'downloader/response_status_count/503': 4,
 'dupefilter/filtered': 287,
 'finish_reason': 'finished',
 'finish_time': datetime.datetime(2015, 11, 4, 16, 1, 30, 110016),
 'item_scraped_count': 94,
 'log_count/ERROR': 20,
 'log_count/INFO': 13,
 'offsite/domains': 115,
 'offsite/filtered': 491,
 'request_depth_max': 2,
 'response_received_count': 186,
 'scheduler/dequeued': 296,
 'scheduler/dequeued/memory': 296,
 'scheduler/enqueued': 296,
 'scheduler/enqueued/memory': 296,
 'start_time': datetime.datetime(2015, 11, 4, 15, 54, 32, 762641)}
2015-11-04 16:01:30 [scrapy] INFO: Spider closed (finished)
./vcscrape.sh: line 10: URLS: command not found
nohup: ignoring input
2015-11-04 16:02:32 [scrapy] INFO: Scrapy 1.0.3 started (bot: vcspider)
2015-11-04 16:02:32 [scrapy] INFO: Optional features available: ssl, http11, boto
2015-11-04 16:02:32 [scrapy] INFO: Overridden settings: {'NEWSPIDER_MODULE': 'vcspider.spiders', 'LOG_LEVEL': 'INFO', 'CONCURRENT_REQUESTS': 100, 'SPIDER_MODULES': ['vcspider.spiders'], 'BOT_NAME': 'vcspider', 'DEPTH_LIMIT': 2}
2015-11-04 16:02:32 [scrapy] INFO: Enabled extensions: CloseSpider, TelnetConsole, LogStats, CoreStats, SpiderState
2015-11-04 16:02:32 [scrapy] INFO: Enabled downloader middlewares: HttpAuthMiddleware, DownloadTimeoutMiddleware, UserAgentMiddleware, RetryMiddleware, DefaultHeadersMiddleware, MetaRefreshMiddleware, HttpCompressionMiddleware, RedirectMiddleware, CookiesMiddleware, ChunkedTransferMiddleware, DownloaderStats
2015-11-04 16:02:32 [scrapy] INFO: Enabled spider middlewares: HttpErrorMiddleware, OffsiteMiddleware, RefererMiddleware, UrlLengthMiddleware, DepthMiddleware
2015-11-04 16:02:32 [scrapy] INFO: Enabled item pipelines: MySqlPipeline
2015-11-04 16:02:32 [scrapy] INFO: Spider opened
2015-11-04 16:02:32 [scrapy] INFO: Crawled 0 pages (at 0 pages/min), scraped 0 items (at 0 items/min)
2015-11-04 16:02:32 [scrapy] ERROR: Error downloading <GET http://www.zca>: DNS lookup failed: address 'www.zca' not found: [Errno -2] Name or service not known.
2015-11-04 16:02:32 [scrapy] ERROR: Error downloading <GET http://www.investor.pccpllc.amiesdigital.com>: DNS lookup failed: address 'www.investor.pccpllc.amiesdigital.com' not found: [Errno -2] Name or service not known.
2015-11-04 16:02:32 [scrapy] ERROR: Error downloading <GET http://www.exp>: DNS lookup failed: address 'www.exp' not found: [Errno -2] Name or service not known.
2015-11-04 16:02:32 [scrapy] ERROR: Error downloading <GET http://www.portal.krfs.com>: DNS lookup failed: address 'www.portal.krfs.com' not found: [Errno -2] Name or service not known.
2015-11-04 16:02:32 [scrapy] ERROR: Error downloading <GET http://www.57s>: DNS lookup failed: address 'www.57s' not found: [Errno -2] Name or service not known.
2015-11-04 16:02:32 [scrapy] ERROR: Error downloading <GET http://www.mezzanine.alcentra.com>: DNS lookup failed: address 'www.mezzanine.alcentra.com' not found: [Errno -2] Name or service not known.
2015-11-04 16:02:32 [scrapy] ERROR: Error downloading <GET http://www.ellislake.com>: DNS lookup failed: address 'www.ellislake.com' not found: [Errno -2] Name or service not known.
2015-11-04 16:02:32 [scrapy] ERROR: Error downloading <GET http://www.nia>: DNS lookup failed: address 'www.nia' not found: [Errno -2] Name or service not known.
2015-11-04 16:02:33 [scrapy] ERROR: Error downloading <GET http://www.investors.crystalfunds.com>: DNS lookup failed: address 'www.investors.crystalfunds.com' not found: [Errno -2] Name or service not known.
2015-11-04 16:02:33 [scrapy] ERROR: Error downloading <GET http://www.con>: DNS lookup failed: address 'www.con' not found: [Errno -2] Name or service not known.
2015-11-04 16:02:33 [scrapy] ERROR: Error downloading <GET http://www.bnp>: DNS lookup failed: address 'www.bnp' not found: [Errno -2] Name or service not known.
2015-11-04 16:02:33 [scrapy] ERROR: Error downloading <GET http://www.lan>: DNS lookup failed: address 'www.lan' not found: [Errno -2] Name or service not known.
2015-11-04 16:02:33 [scrapy] ERROR: Error downloading <GET http://www.globalendowment.com>: An error occurred while connecting: 104: Connection reset by peer.
2015-11-04 16:02:33 [scrapy] ERROR: Error downloading <GET http://www.horizoncash.com>: DNS lookup failed: address 'www.horizoncash.com' not found: [Errno -2] Name or service not known.
2015-11-04 16:02:33 [scrapy] ERROR: Error downloading <GET http://www.tif>: DNS lookup failed: address 'www.tif' not found: [Errno -2] Name or service not known.
2015-11-04 16:02:33 [scrapy] ERROR: Error downloading <GET http://www.tet>: DNS lookup failed: address 'www.tet' not found: [Errno -2] Name or service not known.
2015-11-04 16:02:33 [scrapy] ERROR: Error downloading <GET http://www.atl>: DNS lookup failed: address 'www.atl' not found: [Errno -2] Name or service not known.
2015-11-04 16:02:33 [scrapy] ERROR: Error downloading <GET http://www.glaxisllc.com>: [<twisted.python.failure.Failure twisted.web._newclient.ParseError: (u'wrong number of parts', 'HTTP/1.1 302')>]
2015-11-04 16:03:33 [scrapy] INFO: Crawled 202 pages (at 202 pages/min), scraped 110 items (at 110 items/min)
