usage = ./vcscrape.sh vcs &> file1.log & (VC scraper) -or- ./vcscrape.sh sus &> file1.log & (startup capital scraper)
nohup: ignoring input
2015-11-04 15:54:33 [scrapy] INFO: Scrapy 1.0.3 started (bot: vcspider)
2015-11-04 15:54:33 [scrapy] INFO: Optional features available: ssl, http11, boto
2015-11-04 15:54:33 [scrapy] INFO: Overridden settings: {'NEWSPIDER_MODULE': 'vcspider.spiders', 'LOG_LEVEL': 'INFO', 'CONCURRENT_REQUESTS': 100, 'SPIDER_MODULES': ['vcspider.spiders'], 'BOT_NAME': 'vcspider', 'DEPTH_LIMIT': 2}
2015-11-04 15:54:33 [scrapy] INFO: Enabled extensions: CloseSpider, TelnetConsole, LogStats, CoreStats, SpiderState
2015-11-04 15:54:33 [scrapy] INFO: Enabled downloader middlewares: HttpAuthMiddleware, DownloadTimeoutMiddleware, UserAgentMiddleware, RetryMiddleware, DefaultHeadersMiddleware, MetaRefreshMiddleware, HttpCompressionMiddleware, RedirectMiddleware, CookiesMiddleware, ChunkedTransferMiddleware, DownloaderStats
2015-11-04 15:54:33 [scrapy] INFO: Enabled spider middlewares: HttpErrorMiddleware, OffsiteMiddleware, RefererMiddleware, UrlLengthMiddleware, DepthMiddleware
2015-11-04 15:54:33 [scrapy] INFO: Enabled item pipelines: MySqlPipeline
2015-11-04 15:54:33 [scrapy] INFO: Spider opened
2015-11-04 15:54:33 [scrapy] INFO: Crawled 0 pages (at 0 pages/min), scraped 0 items (at 0 items/min)
2015-11-04 15:54:33 [scrapy] ERROR: Error downloading <GET http://www.first.mitsubishiufjfundservices.com>: DNS lookup failed: address 'www.first.mitsubishiufjfundservices.com' not found: [Errno -2] Name or service not known.
2015-11-04 15:54:33 [scrapy] ERROR: Error downloading <GET http://www.aci>: DNS lookup failed: address 'www.aci' not found: [Errno -2] Name or service not known.
2015-11-04 15:54:33 [scrapy] ERROR: Error downloading <GET http://www.wsc>: DNS lookup failed: address 'www.wsc' not found: [Errno -2] Name or service not known.
2015-11-04 15:54:34 [scrapy] ERROR: Error downloading <GET http://www.acc>: DNS lookup failed: address 'www.acc' not found: [Errno -2] Name or service not known.
2015-11-04 15:54:34 [scrapy] ERROR: Error downloading <GET http://www.isp>: DNS lookup failed: address 'www.isp' not found: [Errno -2] Name or service not known.
2015-11-04 15:54:34 [scrapy] ERROR: Error downloading <GET http://www.car>: Connection was refused by other side: 111: Connection refused.
2015-11-04 15:54:35 [scrapy] ERROR: Error downloading <GET http://www.phi>: DNS lookup failed: address 'www.phi' not found: [Errno -2] Name or service not known.
2015-11-04 15:54:36 [scrapy] ERROR: Error downloading <GET http://www.zca>: DNS lookup failed: address 'www.zca' not found: [Errno -2] Name or service not known.
2015-11-04 15:54:39 [scrapy] ERROR: Error downloading <GET http://www.portal.krfs.com>: DNS lookup failed: address 'www.portal.krfs.com' not found: [Errno -2] Name or service not known.
2015-11-04 15:54:42 [scrapy] ERROR: Error downloading <GET http://www.aca>: DNS lookup failed: address 'www.aca' not found: [Errno -2] Name or service not known.
2015-11-04 15:54:57 [scrapy] ERROR: Error downloading <GET http://www.wellfieldpartners.com>: DNS lookup failed: address 'www.wellfieldpartners.com' not found: [Errno -2] Name or service not known.
2015-11-04 15:55:06 [scrapy] ERROR: Error downloading <GET http://www.bpc>: DNS lookup failed: address 'www.bpc' not found: [Errno -2] Name or service not known.
2015-11-04 15:55:06 [scrapy] ERROR: Error downloading <GET http://www.riv>: DNS lookup failed: address 'www.riv' not found: [Errno -2] Name or service not known.
2015-11-04 15:55:06 [scrapy] ERROR: Error downloading <GET http://www.roc-bridge.com>: DNS lookup failed: address 'www.roc-bridge.com' not found: [Errno -2] Name or service not known.
2015-11-04 15:55:23 [scrapy] ERROR: Error downloading <GET http://www.clairvuecapital.com>: DNS lookup failed: address 'www.clairvuecapital.com' not found: [Errno -2] Name or service not known.
2015-11-04 15:55:23 [scrapy] ERROR: Error downloading <GET http://www.sco>: DNS lookup failed: address 'www.sco' not found: [Errno -2] Name or service not known.
2015-11-04 15:55:23 [scrapy] ERROR: Error downloading <GET http://www.san>: DNS lookup failed: address 'www.san' not found: [Errno -2] Name or service not known.
2015-11-04 15:55:24 [scrapy] ERROR: Error downloading <GET http://www.fid>: DNS lookup failed: address 'www.fid' not found: [Errno -2] Name or service not known.
2015-11-04 15:55:35 [scrapy] INFO: Crawled 231 pages (at 231 pages/min), scraped 136 items (at 136 items/min)
2015-11-04 15:56:41 [scrapy] INFO: Crawled 343 pages (at 112 pages/min), scraped 250 items (at 114 items/min)
2015-11-04 15:57:41 [scrapy] INFO: Crawled 399 pages (at 56 pages/min), scraped 307 items (at 57 items/min)
2015-11-04 15:58:41 [scrapy] INFO: Crawled 455 pages (at 56 pages/min), scraped 362 items (at 55 items/min)
2015-11-04 15:59:40 [scrapy] INFO: Crawled 516 pages (at 61 pages/min), scraped 423 items (at 61 items/min)
2015-11-04 16:00:40 [scrapy] INFO: Crawled 572 pages (at 56 pages/min), scraped 479 items (at 56 items/min)
2015-11-04 16:01:34 [scrapy] INFO: Crawled 627 pages (at 55 pages/min), scraped 534 items (at 55 items/min)
2015-11-04 16:02:37 [scrapy] INFO: Crawled 689 pages (at 62 pages/min), scraped 596 items (at 62 items/min)
