usage = ./vcscrape.sh vcs &> file1.log & (VC scraper) -or- ./vcscrape.sh sus &> file1.log & (startup capital scraper)
nohup: ignoring input
2015-11-04 15:54:33 [scrapy] INFO: Scrapy 1.0.3 started (bot: vcspider)
2015-11-04 15:54:33 [scrapy] INFO: Optional features available: ssl, http11, boto
2015-11-04 15:54:33 [scrapy] INFO: Overridden settings: {'NEWSPIDER_MODULE': 'vcspider.spiders', 'LOG_LEVEL': 'INFO', 'CONCURRENT_REQUESTS': 100, 'SPIDER_MODULES': ['vcspider.spiders'], 'BOT_NAME': 'vcspider', 'DEPTH_LIMIT': 2}
2015-11-04 15:54:33 [scrapy] INFO: Enabled extensions: CloseSpider, TelnetConsole, LogStats, CoreStats, SpiderState
2015-11-04 15:54:33 [scrapy] INFO: Enabled downloader middlewares: HttpAuthMiddleware, DownloadTimeoutMiddleware, UserAgentMiddleware, RetryMiddleware, DefaultHeadersMiddleware, MetaRefreshMiddleware, HttpCompressionMiddleware, RedirectMiddleware, CookiesMiddleware, ChunkedTransferMiddleware, DownloaderStats
2015-11-04 15:54:33 [scrapy] INFO: Enabled spider middlewares: HttpErrorMiddleware, OffsiteMiddleware, RefererMiddleware, UrlLengthMiddleware, DepthMiddleware
2015-11-04 15:54:33 [scrapy] INFO: Enabled item pipelines: MySqlPipeline
2015-11-04 15:54:33 [scrapy] INFO: Spider opened
2015-11-04 15:54:33 [scrapy] INFO: Crawled 0 pages (at 0 pages/min), scraped 0 items (at 0 items/min)
2015-11-04 15:54:33 [scrapy] ERROR: Error downloading <GET http://www.san>: DNS lookup failed: address 'www.san' not found: [Errno -2] Name or service not known.
2015-11-04 15:54:33 [scrapy] ERROR: Error downloading <GET http://www.acc>: DNS lookup failed: address 'www.acc' not found: [Errno -2] Name or service not known.
2015-11-04 15:54:33 [scrapy] ERROR: Error downloading <GET http://www.alphatitans.com>: DNS lookup failed: address 'www.alphatitans.com' not found: [Errno -2] Name or service not known.
2015-11-04 15:54:33 [scrapy] ERROR: Error downloading <GET http://www.inglesideadvisors.com>: DNS lookup failed: address 'www.inglesideadvisors.com' not found: [Errno -2] Name or service not known.
2015-11-04 15:54:34 [scrapy] ERROR: Error downloading <GET http://www.ballance-group.com>: DNS lookup failed: address 'www.ballance-group.com' not found: [Errno -2] Name or service not known.
2015-11-04 15:54:34 [scrapy] ERROR: Error downloading <GET http://www.zad>: DNS lookup failed: address 'www.zad' not found: [Errno -2] Name or service not known.
2015-11-04 15:54:34 [scrapy] ERROR: Error downloading <GET http://www.gol>: DNS lookup failed: address 'www.gol' not found: [Errno -2] Name or service not known.
2015-11-04 15:54:34 [scrapy] ERROR: Error downloading <GET http://www.us.mcasset.com>: DNS lookup failed: address 'www.us.mcasset.com' not found: [Errno -2] Name or service not known.
2015-11-04 15:54:34 [scrapy] ERROR: Error downloading <GET http://www.pia>: DNS lookup failed: address 'www.pia' not found: [Errno -2] Name or service not known.
2015-11-04 15:54:34 [scrapy] ERROR: Error downloading <GET http://www.exp>: DNS lookup failed: address 'www.exp' not found: [Errno -2] Name or service not known.
2015-11-04 15:54:34 [scrapy] ERROR: Error downloading <GET http://www.bnp>: DNS lookup failed: address 'www.bnp' not found: [Errno -2] Name or service not known.
2015-11-04 15:54:34 [scrapy] ERROR: Error downloading <GET http://www.ccm>: DNS lookup failed: address 'www.ccm' not found: [Errno -2] Name or service not known.
2015-11-04 15:54:34 [scrapy] ERROR: Error downloading <GET http://www.tet>: DNS lookup failed: address 'www.tet' not found: [Errno -2] Name or service not known.
2015-11-04 15:54:34 [scrapy] ERROR: Error downloading <GET http://www.cor>: DNS lookup failed: address 'www.cor' not found: [Errno -2] Name or service not known.
2015-11-04 15:54:35 [scrapy] ERROR: Error downloading <GET http://www.con>: DNS lookup failed: address 'www.con' not found: [Errno -2] Name or service not known.
2015-11-04 15:54:35 [scrapy] ERROR: Error downloading <GET http://www.key>: DNS lookup failed: address 'www.key' not found: [Errno -2] Name or service not known.
2015-11-04 15:54:35 [scrapy] ERROR: Error downloading <GET http://www.enhancedcapct.com>: DNS lookup failed: address 'www.enhancedcapct.com' not found: [Errno -2] Name or service not known.
2015-11-04 15:54:35 [scrapy] ERROR: Error downloading <GET http://www.lineagecapital.com>: DNS lookup failed: address 'www.lineagecapital.com' not found: [Errno -2] Name or service not known.
2015-11-04 15:54:35 [scrapy] ERROR: Error downloading <GET http://www.aca>: DNS lookup failed: address 'www.aca' not found: [Errno -2] Name or service not known.
2015-11-04 15:54:35 [scrapy] ERROR: Error downloading <GET http://www.roc-bridge.com>: DNS lookup failed: address 'www.roc-bridge.com' not found: [Errno -2] Name or service not known.
2015-11-04 15:54:35 [scrapy] ERROR: Error downloading <GET http://www.lar>: DNS lookup failed: address 'www.lar' not found: [Errno -2] Name or service not known.
2015-11-04 15:54:35 [scrapy] ERROR: Error downloading <GET http://www.riverside-pm.com>: DNS lookup failed: address 'www.riverside-pm.com' not found: [Errno -2] Name or service not known.
2015-11-04 15:54:36 [scrapy] ERROR: Error downloading <GET http://www.rid>: DNS lookup failed: address 'www.rid' not found: [Errno -2] Name or service not known.
2015-11-04 15:54:36 [scrapy] ERROR: Error downloading <GET https://www.miopartners.com/>: [<twisted.python.failure.Failure OpenSSL.SSL.Error: [('SSL routines', 'ssl3_read_bytes', 'ssl handshake failure')]>]
2015-11-04 15:54:36 [scrapy] ERROR: Error downloading <GET http://www.imc>: DNS lookup failed: address 'www.imc' not found: [Errno -2] Name or service not known.
2015-11-04 15:54:40 [scrapy] ERROR: Error downloading <GET http://www.5tides.com>: Connection was refused by other side: 111: Connection refused.
2015-11-04 15:54:44 [scrapy] ERROR: Error downloading <GET http://www.polunin.com>: An error occurred while connecting: 113: No route to host.
2015-11-04 15:55:33 [scrapy] INFO: Crawled 122 pages (at 122 pages/min), scraped 40 items (at 40 items/min)
2015-11-04 15:56:33 [scrapy] INFO: Crawled 122 pages (at 0 pages/min), scraped 40 items (at 0 items/min)
2015-11-04 15:57:33 [scrapy] INFO: Crawled 122 pages (at 0 pages/min), scraped 40 items (at 0 items/min)
2015-11-04 15:58:33 [scrapy] INFO: Crawled 122 pages (at 0 pages/min), scraped 40 items (at 0 items/min)
2015-11-04 15:59:33 [scrapy] INFO: Crawled 122 pages (at 0 pages/min), scraped 40 items (at 0 items/min)
2015-11-04 16:00:33 [scrapy] INFO: Crawled 122 pages (at 0 pages/min), scraped 40 items (at 0 items/min)
2015-11-04 16:00:57 [scrapy] ERROR: Error downloading <GET http://www.emffp.com>: TCP connection timed out: 110: Connection timed out.
2015-11-04 16:00:58 [scrapy] ERROR: Error downloading <GET http://www.intrepidcap.com>: TCP connection timed out: 110: Connection timed out.
2015-11-04 16:00:58 [scrapy] ERROR: Error downloading <GET http://www.charteroakpartners.com>: TCP connection timed out: 110: Connection timed out.
2015-11-04 16:00:58 [scrapy] INFO: Closing spider (finished)
2015-11-04 16:00:58 [scrapy] INFO: Dumping Scrapy stats:
{'downloader/exception_count': 92,
 'downloader/exception_type_count/twisted.internet.error.ConnectError': 5,
 'downloader/exception_type_count/twisted.internet.error.ConnectionRefusedError': 3,
 'downloader/exception_type_count/twisted.internet.error.DNSLookupError': 72,
 'downloader/exception_type_count/twisted.internet.error.TCPTimedOutError': 9,
 'downloader/exception_type_count/twisted.web._newclient.ResponseNeverReceived': 3,
 'downloader/request_bytes': 58838,
 'downloader/request_count': 253,
 'downloader/request_method_count/GET': 253,
 'downloader/response_bytes': 644779,
 'downloader/response_count': 161,
 'downloader/response_status_count/200': 112,
 'downloader/response_status_count/301': 21,
 'downloader/response_status_count/302': 15,
 'downloader/response_status_count/401': 1,
 'downloader/response_status_count/403': 1,
 'downloader/response_status_count/404': 11,
 'dupefilter/filtered': 42,
 'finish_reason': 'finished',
 'finish_time': datetime.datetime(2015, 11, 4, 16, 0, 58, 238437),
 'item_scraped_count': 40,
 'log_count/ERROR': 30,
 'log_count/INFO': 13,
 'offsite/domains': 72,
 'offsite/filtered': 407,
 'request_depth_max': 2,
 'response_received_count': 122,
 'scheduler/dequeued': 253,
 'scheduler/dequeued/memory': 253,
 'scheduler/enqueued': 253,
 'scheduler/enqueued/memory': 253,
 'start_time': datetime.datetime(2015, 11, 4, 15, 54, 33, 506181)}
2015-11-04 16:00:58 [scrapy] INFO: Spider closed (finished)
./vcscrape.sh: line 10: URLS: command not found
nohup: ignoring input
2015-11-04 16:02:00 [scrapy] INFO: Scrapy 1.0.3 started (bot: vcspider)
2015-11-04 16:02:00 [scrapy] INFO: Optional features available: ssl, http11, boto
2015-11-04 16:02:00 [scrapy] INFO: Overridden settings: {'NEWSPIDER_MODULE': 'vcspider.spiders', 'LOG_LEVEL': 'INFO', 'CONCURRENT_REQUESTS': 100, 'SPIDER_MODULES': ['vcspider.spiders'], 'BOT_NAME': 'vcspider', 'DEPTH_LIMIT': 2}
2015-11-04 16:02:00 [scrapy] INFO: Enabled extensions: CloseSpider, TelnetConsole, LogStats, CoreStats, SpiderState
2015-11-04 16:02:00 [scrapy] INFO: Enabled downloader middlewares: HttpAuthMiddleware, DownloadTimeoutMiddleware, UserAgentMiddleware, RetryMiddleware, DefaultHeadersMiddleware, MetaRefreshMiddleware, HttpCompressionMiddleware, RedirectMiddleware, CookiesMiddleware, ChunkedTransferMiddleware, DownloaderStats
2015-11-04 16:02:00 [scrapy] INFO: Enabled spider middlewares: HttpErrorMiddleware, OffsiteMiddleware, RefererMiddleware, UrlLengthMiddleware, DepthMiddleware
2015-11-04 16:02:00 [scrapy] INFO: Enabled item pipelines: MySqlPipeline
2015-11-04 16:02:00 [scrapy] INFO: Spider opened
2015-11-04 16:02:00 [scrapy] INFO: Crawled 0 pages (at 0 pages/min), scraped 0 items (at 0 items/min)
2015-11-04 16:02:01 [scrapy] ERROR: Error downloading <GET http://www.aca>: DNS lookup failed: address 'www.aca' not found: [Errno -2] Name or service not known.
2015-11-04 16:02:01 [scrapy] ERROR: Error downloading <GET http://www.fsc>: DNS lookup failed: address 'www.fsc' not found: [Errno -2] Name or service not known.
2015-11-04 16:02:01 [scrapy] ERROR: Error downloading <GET http://www.coo>: DNS lookup failed: address 'www.coo' not found: [Errno -2] Name or service not known.
2015-11-04 16:02:01 [scrapy] ERROR: Error downloading <GET http://www.czc>: DNS lookup failed: address 'www.czc' not found: [Errno -2] Name or service not known.
2015-11-04 16:02:01 [scrapy] ERROR: Error downloading <GET http://www.eco>: DNS lookup failed: address 'www.eco' not found: [Errno -2] Name or service not known.
2015-11-04 16:02:01 [scrapy] ERROR: Error downloading <GET http://www.inglesideadvisors.com>: DNS lookup failed: address 'www.inglesideadvisors.com' not found: [Errno -2] Name or service not known.
2015-11-04 16:02:01 [scrapy] ERROR: Error downloading <GET http://www.5tides.com>: Connection was refused by other side: 111: Connection refused.
2015-11-04 16:02:01 [scrapy] ERROR: Error downloading <GET http://www.mdc>: DNS lookup failed: address 'www.mdc' not found: [Errno -2] Name or service not known.
2015-11-04 16:02:01 [scrapy] ERROR: Error downloading <GET http://www.gol>: DNS lookup failed: address 'www.gol' not found: [Errno -2] Name or service not known.
2015-11-04 16:02:01 [scrapy] ERROR: Error downloading <GET http://www.cre>: DNS lookup failed: address 'www.cre' not found: [Errno -2] Name or service not known.
2015-11-04 16:02:01 [scrapy] ERROR: Error downloading <GET http://www.inc>: DNS lookup failed: address 'www.inc' not found: [Errno -2] Name or service not known.
2015-11-04 16:02:01 [scrapy] ERROR: Error downloading <GET http://www.ecp.altareturn.com>: DNS lookup failed: address 'www.ecp.altareturn.com' not found: [Errno -2] Name or service not known.
2015-11-04 16:02:01 [scrapy] ERROR: Error downloading <GET http://www.cfm>: DNS lookup failed: address 'www.cfm' not found: [Errno -2] Name or service not known.
2015-11-04 16:02:03 [scrapy] ERROR: Error downloading <GET https://www.miopartners.com/>: [<twisted.python.failure.Failure OpenSSL.SSL.Error: [('SSL routines', 'ssl3_read_bytes', 'ssl handshake failure')]>]
2015-11-04 16:02:04 [scrapy] ERROR: Error downloading <GET http://www.atl>: DNS lookup failed: address 'www.atl' not found: [Errno -2] Name or service not known.
2015-11-04 16:02:08 [scrapy] ERROR: Error downloading <GET http://www.imc>: DNS lookup failed: address 'www.imc' not found: [Errno -2] Name or service not known.
2015-11-04 16:02:09 [scrapy] ERROR: Error downloading <GET http://www.esemplia.com>: DNS lookup failed: address 'www.esemplia.com' not found: [Errno -2] Name or service not known.
2015-11-04 16:02:09 [scrapy] ERROR: Error downloading <GET http://www.harvpartners.com>: DNS lookup failed: address 'www.harvpartners.com' not found: [Errno -2] Name or service not known.
2015-11-04 16:02:11 [scrapy] ERROR: Error downloading <GET http://www.tet>: DNS lookup failed: address 'www.tet' not found: [Errno -2] Name or service not known.
2015-11-04 16:03:03 [scrapy] INFO: Crawled 131 pages (at 131 pages/min), scraped 62 items (at 62 items/min)
2015-11-04 16:03:03 [scrapy] ERROR: Error downloading <GET http://www.ccm>: DNS lookup failed: address 'www.ccm' not found: [Errno -2] Name or service not known.
2015-11-04 16:03:04 [scrapy] ERROR: Error downloading <GET http://www.arg>: DNS lookup failed: address 'www.arg' not found: [Errno -2] Name or service not known.
2015-11-04 16:03:04 [scrapy] ERROR: Error downloading <GET http://www.gim>: DNS lookup failed: address 'www.gim' not found: [Errno -2] Name or service not known.
2015-11-04 16:03:04 [scrapy] ERROR: Error downloading <GET http://www.iam>: DNS lookup failed: address 'www.iam' not found: [Errno -2] Name or service not known.
2015-11-04 16:03:04 [scrapy] ERROR: Error downloading <GET http://www.uni>: DNS lookup failed: address 'www.uni' not found: [Errno -2] Name or service not known.
2015-11-04 16:03:04 [scrapy] ERROR: Error downloading <GET http://www.dwi>: DNS lookup failed: address 'www.dwi' not found: [Errno -2] Name or service not known.
2015-11-04 16:03:05 [scrapy] ERROR: Error downloading <GET http://www.santanderasset.com>: DNS lookup failed: address 'www.santanderasset.com' not found: [Errno -2] Name or service not known.
2015-11-04 16:03:11 [scrapy] ERROR: Error downloading <GET http://www.globalendowment.com>: An error occurred while connecting: 104: Connection reset by peer.
2015-11-04 16:03:26 [scrapy] ERROR: Error downloading <GET http://ww7.taylormutualfunds.com>: [<twisted.python.failure.Failure twisted.internet.error.ConnectionLost: Connection to the other side was lost in a non-clean fashion.>]
