usage = ./vcscrape.sh vcs &> file1.log & (VC scraper) -or- ./vcscrape.sh sus &> file1.log & (startup capital scraper)
nohup: ignoring input
2015-11-04 15:54:32 [scrapy] INFO: Scrapy 1.0.3 started (bot: vcspider)
2015-11-04 15:54:32 [scrapy] INFO: Optional features available: ssl, http11, boto
2015-11-04 15:54:32 [scrapy] INFO: Overridden settings: {'NEWSPIDER_MODULE': 'vcspider.spiders', 'LOG_LEVEL': 'INFO', 'CONCURRENT_REQUESTS': 100, 'SPIDER_MODULES': ['vcspider.spiders'], 'BOT_NAME': 'vcspider', 'DEPTH_LIMIT': 2}
2015-11-04 15:54:32 [scrapy] INFO: Enabled extensions: CloseSpider, TelnetConsole, LogStats, CoreStats, SpiderState
2015-11-04 15:54:32 [scrapy] INFO: Enabled downloader middlewares: HttpAuthMiddleware, DownloadTimeoutMiddleware, UserAgentMiddleware, RetryMiddleware, DefaultHeadersMiddleware, MetaRefreshMiddleware, HttpCompressionMiddleware, RedirectMiddleware, CookiesMiddleware, ChunkedTransferMiddleware, DownloaderStats
2015-11-04 15:54:32 [scrapy] INFO: Enabled spider middlewares: HttpErrorMiddleware, OffsiteMiddleware, RefererMiddleware, UrlLengthMiddleware, DepthMiddleware
2015-11-04 15:54:32 [scrapy] INFO: Enabled item pipelines: MySqlPipeline
2015-11-04 15:54:32 [scrapy] INFO: Spider opened
2015-11-04 15:54:32 [scrapy] INFO: Crawled 0 pages (at 0 pages/min), scraped 0 items (at 0 items/min)
2015-11-04 15:54:32 [scrapy] ERROR: Error downloading <GET http://www.riv>: DNS lookup failed: address 'www.riv' not found: [Errno -2] Name or service not known.
2015-11-04 15:54:32 [scrapy] ERROR: Error downloading <GET http://www.hig>: DNS lookup failed: address 'www.hig' not found: [Errno -2] Name or service not known.
2015-11-04 15:54:32 [scrapy] ERROR: Error downloading <GET http://www.horizoncash.com>: DNS lookup failed: address 'www.horizoncash.com' not found: [Errno -2] Name or service not known.
2015-11-04 15:54:33 [scrapy] ERROR: Error downloading <GET http://www.careers.weissasset.com>: DNS lookup failed: address 'www.careers.weissasset.com' not found: [Errno -2] Name or service not known.
2015-11-04 15:54:33 [scrapy] ERROR: Error downloading <GET http://www.ecp.altareturn.com>: DNS lookup failed: address 'www.ecp.altareturn.com' not found: [Errno -2] Name or service not known.
2015-11-04 15:54:33 [scrapy] ERROR: Error downloading <GET http://www.czc>: DNS lookup failed: address 'www.czc' not found: [Errno -2] Name or service not known.
2015-11-04 15:54:33 [scrapy] ERROR: Error downloading <GET http://www.cshg.com>: Connection was refused by other side: 111: Connection refused.
2015-11-04 15:54:35 [scrapy] ERROR: Error downloading <GET http://www.nom>: DNS lookup failed: address 'www.nom' not found: [Errno -2] Name or service not known.
2015-11-04 15:54:35 [scrapy] ERROR: Error downloading <GET http://www.acc>: DNS lookup failed: address 'www.acc' not found: [Errno -2] Name or service not known.
2015-11-04 15:54:35 [scrapy] ERROR: Error downloading <GET https://www.miopartners.com/>: [<twisted.python.failure.Failure OpenSSL.SSL.Error: [('SSL routines', 'ssl3_read_bytes', 'ssl handshake failure')]>]
2015-11-04 15:54:35 [scrapy] ERROR: Error downloading <GET http://www.lar>: DNS lookup failed: address 'www.lar' not found: [Errno -2] Name or service not known.
2015-11-04 15:54:35 [scrapy] ERROR: Error downloading <GET http://www.riverside-pm.com>: DNS lookup failed: address 'www.riverside-pm.com' not found: [Errno -2] Name or service not known.
2015-11-04 15:54:42 [scrapy] ERROR: Error downloading <GET http://www.mountkellett.com>: Connection was refused by other side: 111: Connection refused.
2015-11-04 15:54:49 [scrapy] ERROR: Error downloading <GET http://www.investors.crystalfunds.com>: DNS lookup failed: address 'www.investors.crystalfunds.com' not found: [Errno -2] Name or service not known.
2015-11-04 15:54:49 [scrapy] ERROR: Error downloading <GET http://www.clairvuecapital.com>: DNS lookup failed: address 'www.clairvuecapital.com' not found: [Errno -2] Name or service not known.
2015-11-04 15:54:54 [scrapy] ERROR: Error downloading <GET http://www.bellasset.com>: DNS lookup failed: address 'www.bellasset.com' not found: [Errno -2] Name or service not known.
2015-11-04 15:54:54 [scrapy] ERROR: Error downloading <GET http://www.coo>: DNS lookup failed: address 'www.coo' not found: [Errno -2] Name or service not known.
2015-11-04 15:55:14 [scrapy] ERROR: Error downloading <GET http://www.uni>: DNS lookup failed: address 'www.uni' not found: [Errno -2] Name or service not known.
2015-11-04 15:55:32 [scrapy] INFO: Crawled 234 pages (at 234 pages/min), scraped 135 items (at 135 items/min)
2015-11-04 15:55:35 [scrapy] ERROR: Error downloading <GET http://www.santanderasset.com>: DNS lookup failed: address 'www.santanderasset.com' not found: [Errno -2] Name or service not known.
2015-11-04 15:56:29 [scrapy] ERROR: Error downloading <GET http://www.emergingmanagersgroup.com>: An error occurred while connecting: 113: No route to host.
2015-11-04 15:56:32 [scrapy] INFO: Crawled 291 pages (at 57 pages/min), scraped 201 items (at 66 items/min)
2015-11-04 15:57:32 [scrapy] INFO: Crawled 291 pages (at 0 pages/min), scraped 201 items (at 0 items/min)
2015-11-04 15:58:32 [scrapy] INFO: Crawled 291 pages (at 0 pages/min), scraped 201 items (at 0 items/min)
2015-11-04 15:59:32 [scrapy] INFO: Crawled 291 pages (at 0 pages/min), scraped 201 items (at 0 items/min)
2015-11-04 16:00:32 [scrapy] INFO: Crawled 291 pages (at 0 pages/min), scraped 201 items (at 0 items/min)
2015-11-04 16:00:54 [scrapy] ERROR: Error downloading <GET http://www.cornwallcapital.com>: TCP connection timed out: 110: Connection timed out.
2015-11-04 16:00:54 [scrapy] ERROR: Error downloading <GET http://www.cmsco.com>: TCP connection timed out: 110: Connection timed out.
2015-11-04 16:00:54 [scrapy] INFO: Closing spider (finished)
2015-11-04 16:00:54 [scrapy] INFO: Dumping Scrapy stats:
{'downloader/exception_count': 66,
 'downloader/exception_type_count/twisted.internet.error.ConnectError': 3,
 'downloader/exception_type_count/twisted.internet.error.ConnectionRefusedError': 6,
 'downloader/exception_type_count/twisted.internet.error.DNSLookupError': 48,
 'downloader/exception_type_count/twisted.internet.error.TCPTimedOutError': 6,
 'downloader/exception_type_count/twisted.web._newclient.ResponseNeverReceived': 3,
 'downloader/request_bytes': 109394,
 'downloader/request_count': 400,
 'downloader/request_method_count/GET': 400,
 'downloader/response_bytes': 1846745,
 'downloader/response_count': 334,
 'downloader/response_status_count/200': 276,
 'downloader/response_status_count/301': 23,
 'downloader/response_status_count/302': 13,
 'downloader/response_status_count/400': 6,
 'downloader/response_status_count/401': 7,
 'downloader/response_status_count/403': 5,
 'downloader/response_status_count/404': 4,
 'dupefilter/filtered': 756,
 'finish_reason': 'finished',
 'finish_time': datetime.datetime(2015, 11, 4, 16, 0, 54, 781365),
 'item_scraped_count': 201,
 'log_count/ERROR': 22,
 'log_count/INFO': 13,
 'offsite/domains': 288,
 'offsite/filtered': 727,
 'request_depth_max': 2,
 'response_received_count': 291,
 'scheduler/dequeued': 400,
 'scheduler/dequeued/memory': 400,
 'scheduler/enqueued': 400,
 'scheduler/enqueued/memory': 400,
 'start_time': datetime.datetime(2015, 11, 4, 15, 54, 32, 610281)}
2015-11-04 16:00:54 [scrapy] INFO: Spider closed (finished)
./vcscrape.sh: line 10: URLS: command not found
nohup: ignoring input
2015-11-04 16:01:57 [scrapy] INFO: Scrapy 1.0.3 started (bot: vcspider)
2015-11-04 16:01:57 [scrapy] INFO: Optional features available: ssl, http11, boto
2015-11-04 16:01:57 [scrapy] INFO: Overridden settings: {'NEWSPIDER_MODULE': 'vcspider.spiders', 'LOG_LEVEL': 'INFO', 'CONCURRENT_REQUESTS': 100, 'SPIDER_MODULES': ['vcspider.spiders'], 'BOT_NAME': 'vcspider', 'DEPTH_LIMIT': 2}
2015-11-04 16:01:57 [scrapy] INFO: Enabled extensions: CloseSpider, TelnetConsole, LogStats, CoreStats, SpiderState
2015-11-04 16:01:57 [scrapy] INFO: Enabled downloader middlewares: HttpAuthMiddleware, DownloadTimeoutMiddleware, UserAgentMiddleware, RetryMiddleware, DefaultHeadersMiddleware, MetaRefreshMiddleware, HttpCompressionMiddleware, RedirectMiddleware, CookiesMiddleware, ChunkedTransferMiddleware, DownloaderStats
2015-11-04 16:01:57 [scrapy] INFO: Enabled spider middlewares: HttpErrorMiddleware, OffsiteMiddleware, RefererMiddleware, UrlLengthMiddleware, DepthMiddleware
2015-11-04 16:01:57 [scrapy] INFO: Enabled item pipelines: MySqlPipeline
2015-11-04 16:01:57 [scrapy] INFO: Spider opened
2015-11-04 16:01:57 [scrapy] INFO: Crawled 0 pages (at 0 pages/min), scraped 0 items (at 0 items/min)
2015-11-04 16:01:57 [scrapy] ERROR: Error downloading <GET http://www.eco>: DNS lookup failed: address 'www.eco' not found: [Errno -2] Name or service not known.
2015-11-04 16:01:57 [scrapy] ERROR: Error downloading <GET http://www.woodbinecapital.com>: DNS lookup failed: address 'www.woodbinecapital.com' not found: [Errno -2] Name or service not known.
2015-11-04 16:01:57 [scrapy] ERROR: Error downloading <GET http://www.tia>: DNS lookup failed: address 'www.tia' not found: [Errno -2] Name or service not known.
2015-11-04 16:01:57 [scrapy] ERROR: Error downloading <GET http://www.key>: DNS lookup failed: address 'www.key' not found: [Errno -2] Name or service not known.
2015-11-04 16:01:57 [scrapy] ERROR: Error downloading <GET http://www.us.mcasset.com>: DNS lookup failed: address 'www.us.mcasset.com' not found: [Errno -2] Name or service not known.
2015-11-04 16:01:57 [scrapy] ERROR: Error downloading <GET http://www.zca>: DNS lookup failed: address 'www.zca' not found: [Errno -2] Name or service not known.
2015-11-04 16:01:57 [scrapy] ERROR: Error downloading <GET http://www.con>: DNS lookup failed: address 'www.con' not found: [Errno -2] Name or service not known.
2015-11-04 16:01:57 [scrapy] ERROR: Error downloading <GET http://www.careers.weissasset.com>: DNS lookup failed: address 'www.careers.weissasset.com' not found: [Errno -2] Name or service not known.
2015-11-04 16:01:57 [scrapy] ERROR: Error downloading <GET http://www.san>: DNS lookup failed: address 'www.san' not found: [Errno -2] Name or service not known.
2015-11-04 16:01:57 [scrapy] ERROR: Error downloading <GET http://www.sco>: DNS lookup failed: address 'www.sco' not found: [Errno -2] Name or service not known.
2015-11-04 16:01:57 [scrapy] ERROR: Error downloading <GET http://www.5tides.com>: Connection was refused by other side: 111: Connection refused.
2015-11-04 16:01:57 [scrapy] ERROR: Error downloading <GET http://www.omn>: DNS lookup failed: address 'www.omn' not found: [Errno -2] Name or service not known.
2015-11-04 16:01:57 [scrapy] ERROR: Error downloading <GET http://www.atl>: DNS lookup failed: address 'www.atl' not found: [Errno -2] Name or service not known.
2015-11-04 16:01:57 [scrapy] ERROR: Error downloading <GET http://www.wellfieldpartners.com>: DNS lookup failed: address 'www.wellfieldpartners.com' not found: [Errno -2] Name or service not known.
2015-11-04 16:01:58 [scrapy] ERROR: Error downloading <GET http://www.investor.pccpllc.amiesdigital.com>: DNS lookup failed: address 'www.investor.pccpllc.amiesdigital.com' not found: [Errno -2] Name or service not known.
2015-11-04 16:01:58 [scrapy] ERROR: Error downloading <GET https://www.miopartners.com/>: [<twisted.python.failure.Failure OpenSSL.SSL.Error: [('SSL routines', 'ssl3_read_bytes', 'ssl handshake failure')]>]
2015-11-04 16:01:58 [scrapy] ERROR: Error downloading <GET http://www.pol>: DNS lookup failed: address 'www.pol' not found: [Errno -2] Name or service not known.
2015-11-04 16:01:59 [scrapy] ERROR: Error downloading <GET http://www.gol>: DNS lookup failed: address 'www.gol' not found: [Errno -2] Name or service not known.
2015-11-04 16:01:59 [scrapy] ERROR: Error downloading <GET http://www.vnc>: DNS lookup failed: address 'www.vnc' not found: [Errno -2] Name or service not known.
2015-11-04 16:02:00 [scrapy] ERROR: Error downloading <GET http://www.preludecapital.com>: [<twisted.python.failure.Failure twisted.web._newclient.ParseError: (u'wrong number of parts', 'HTTP/1.1 302')>]
2015-11-04 16:02:00 [scrapy] ERROR: Error downloading <GET http://www.aca>: DNS lookup failed: address 'www.aca' not found: [Errno -2] Name or service not known.
2015-11-04 16:02:00 [scrapy] ERROR: Error downloading <GET http://www.car>: Connection was refused by other side: 111: Connection refused.
2015-11-04 16:02:00 [scrapy] ERROR: Error downloading <GET http://www.par>: DNS lookup failed: address 'www.par' not found: [Errno -2] Name or service not known.
2015-11-04 16:02:05 [scrapy] ERROR: Error downloading <GET http://www.greenwoodcap.com>: [<twisted.python.failure.Failure twisted.web._newclient.ParseError: (u'wrong number of parts', 'HTTP/1.1 302')>]
2015-11-04 16:02:05 [scrapy] ERROR: Error downloading <GET http://www.pragmapatrimonio.com>: DNS lookup failed: address 'www.pragmapatrimonio.com' not found: [Errno -2] Name or service not known.
2015-11-04 16:02:05 [scrapy] ERROR: Error downloading <GET http://www.sec>: DNS lookup failed: address 'www.sec' not found: [Errno -2] Name or service not known.
2015-11-04 16:02:05 [scrapy] ERROR: Error downloading <GET http://www.ccm>: DNS lookup failed: address 'www.ccm' not found: [Errno -2] Name or service not known.
2015-11-04 16:03:07 [scrapy] INFO: Crawled 108 pages (at 108 pages/min), scraped 34 items (at 34 items/min)
