usage = ./vcscrape.sh vcs &> file1.log & (VC scraper) -or- ./vcscrape.sh sus &> file1.log & (startup capital scraper)
nohup: ignoring input
2015-11-04 15:54:32 [scrapy] INFO: Scrapy 1.0.3 started (bot: vcspider)
2015-11-04 15:54:32 [scrapy] INFO: Optional features available: ssl, http11, boto
2015-11-04 15:54:32 [scrapy] INFO: Overridden settings: {'NEWSPIDER_MODULE': 'vcspider.spiders', 'LOG_LEVEL': 'INFO', 'CONCURRENT_REQUESTS': 100, 'SPIDER_MODULES': ['vcspider.spiders'], 'BOT_NAME': 'vcspider', 'DEPTH_LIMIT': 2}
2015-11-04 15:54:33 [scrapy] INFO: Enabled extensions: CloseSpider, TelnetConsole, LogStats, CoreStats, SpiderState
2015-11-04 15:54:33 [scrapy] INFO: Enabled downloader middlewares: HttpAuthMiddleware, DownloadTimeoutMiddleware, UserAgentMiddleware, RetryMiddleware, DefaultHeadersMiddleware, MetaRefreshMiddleware, HttpCompressionMiddleware, RedirectMiddleware, CookiesMiddleware, ChunkedTransferMiddleware, DownloaderStats
2015-11-04 15:54:33 [scrapy] INFO: Enabled spider middlewares: HttpErrorMiddleware, OffsiteMiddleware, RefererMiddleware, UrlLengthMiddleware, DepthMiddleware
2015-11-04 15:54:33 [scrapy] INFO: Enabled item pipelines: MySqlPipeline
2015-11-04 15:54:33 [scrapy] INFO: Spider opened
2015-11-04 15:54:33 [scrapy] INFO: Crawled 0 pages (at 0 pages/min), scraped 0 items (at 0 items/min)
2015-11-04 15:54:33 [scrapy] ERROR: Error downloading <GET http://www.mountainpacificadvisors.com>: DNS lookup failed: address 'www.mountainpacificadvisors.com' not found: [Errno -2] Name or service not known.
2015-11-04 15:54:33 [scrapy] ERROR: Error downloading <GET http://www.isp>: DNS lookup failed: address 'www.isp' not found: [Errno -2] Name or service not known.
2015-11-04 15:54:33 [scrapy] ERROR: Error downloading <GET http://www.arb>: DNS lookup failed: address 'www.arb' not found: [Errno -2] Name or service not known.
2015-11-04 15:54:36 [scrapy] ERROR: Error downloading <GET http://www.sco>: DNS lookup failed: address 'www.sco' not found: [Errno -2] Name or service not known.
2015-11-04 15:54:36 [scrapy] ERROR: Error downloading <GET http://www.us.mcasset.com>: DNS lookup failed: address 'www.us.mcasset.com' not found: [Errno -2] Name or service not known.
2015-11-04 15:54:37 [scrapy] ERROR: Error downloading <GET http://www.careers.weissasset.com>: DNS lookup failed: address 'www.careers.weissasset.com' not found: [Errno -2] Name or service not known.
2015-11-04 15:54:37 [scrapy] ERROR: Error downloading <GET http://www.con>: DNS lookup failed: address 'www.con' not found: [Errno -2] Name or service not known.
2015-11-04 15:54:38 [scrapy] ERROR: Error downloading <GET http://www.bnp>: DNS lookup failed: address 'www.bnp' not found: [Errno -2] Name or service not known.
2015-11-04 15:54:39 [scrapy] ERROR: Error downloading <GET http://www.alphatitans.com>: DNS lookup failed: address 'www.alphatitans.com' not found: [Errno -2] Name or service not known.
2015-11-04 15:54:39 [scrapy] ERROR: Error downloading <GET http://www.investors.crystalfunds.com>: DNS lookup failed: address 'www.investors.crystalfunds.com' not found: [Errno -2] Name or service not known.
2015-11-04 15:54:39 [scrapy] ERROR: Error downloading <GET http://www.par>: DNS lookup failed: address 'www.par' not found: [Errno -2] Name or service not known.
2015-11-04 15:54:39 [scrapy] ERROR: Error downloading <GET http://www.investor.gppfunds.com>: DNS lookup failed: address 'www.investor.gppfunds.com' not found: [Errno -2] Name or service not known.
2015-11-04 15:54:39 [scrapy] ERROR: Error downloading <GET http://www.pro>: DNS lookup failed: address 'www.pro' not found: [Errno -2] Name or service not known.
2015-11-04 15:54:39 [scrapy] ERROR: Error downloading <GET http://www.tigersharklp.com>: DNS lookup failed: address 'www.tigersharklp.com' not found: [Errno -2] Name or service not known.
2015-11-04 15:54:41 [scrapy] ERROR: Error downloading <GET http://www.tet>: DNS lookup failed: address 'www.tet' not found: [Errno -2] Name or service not known.
2015-11-04 15:54:41 [scrapy] ERROR: Error downloading <GET http://www.clerestorycapital.com>: DNS lookup failed: address 'www.clerestorycapital.com' not found: [Errno -2] Name or service not known.
2015-11-04 15:54:41 [scrapy] ERROR: Error downloading <GET http://www.mdc>: DNS lookup failed: address 'www.mdc' not found: [Errno -2] Name or service not known.
2015-11-04 15:54:47 [scrapy] ERROR: Error downloading <GET http://www.globalendowment.com>: An error occurred while connecting: 104: Connection reset by peer.
2015-11-04 15:54:50 [scrapy] ERROR: Error downloading <GET http://www.fsc>: DNS lookup failed: address 'www.fsc' not found: [Errno -2] Name or service not known.
2015-11-04 15:54:50 [scrapy] ERROR: Error downloading <GET http://www.sta>: DNS lookup failed: address 'www.sta' not found: [Errno -2] Name or service not known.
2015-11-04 15:56:05 [scrapy] INFO: Crawled 145 pages (at 145 pages/min), scraped 54 items (at 54 items/min)
2015-11-04 15:57:34 [scrapy] INFO: Crawled 145 pages (at 0 pages/min), scraped 66 items (at 12 items/min)
2015-11-04 15:59:07 [scrapy] INFO: Crawled 161 pages (at 16 pages/min), scraped 80 items (at 14 items/min)
2015-11-04 15:59:33 [scrapy] INFO: Crawled 165 pages (at 4 pages/min), scraped 83 items (at 3 items/min)
2015-11-04 16:00:50 [scrapy] INFO: Crawled 179 pages (at 14 pages/min), scraped 95 items (at 12 items/min)
2015-11-04 16:01:34 [scrapy] INFO: Crawled 179 pages (at 0 pages/min), scraped 99 items (at 4 items/min)
2015-11-04 16:02:34 [scrapy] INFO: Crawled 196 pages (at 17 pages/min), scraped 110 items (at 11 items/min)
